2017-07-04 15:31:50,333 INFO o.s.b.StartupInfoLogger [main] Starting DemoParentApplication on LAPTOP-57MU4AJC with PID 10456 (I:\jun\workspace\demo-parent\target\classes started by admin in I:\jun\workspace\demo-parent)
2017-07-04 15:31:50,337 INFO o.s.b.SpringApplication [main] The following profiles are active: local
2017-07-04 15:31:51,112 INFO o.h.v.i.u.Version [background-preinit] HV000001: Hibernate Validator 5.3.5.Final
2017-07-04 15:31:51,116 INFO o.s.c.s.AbstractApplicationContext [main] Refreshing org.springframework.boot.context.embedded.AnnotationConfigEmbeddedWebApplicationContext@f0da945: startup date [Tue Jul 04 15:31:51 CST 2017]; root of context hierarchy
2017-07-04 15:31:52,977 INFO o.s.b.c.e.t.TomcatEmbeddedServletContainer [main] Tomcat initialized with port(s): 8099 (http)
2017-07-04 15:31:53,022 INFO o.a.j.l.DirectJDKLog [main] Starting service [Tomcat]
2017-07-04 15:31:53,024 INFO o.a.j.l.DirectJDKLog [main] Starting Servlet Engine: Apache Tomcat/8.5.15
2017-07-04 15:31:53,267 INFO o.a.j.l.DirectJDKLog [localhost-startStop-1] Initializing Spring embedded WebApplicationContext
2017-07-04 15:31:53,268 INFO o.s.b.c.e.EmbeddedWebApplicationContext [localhost-startStop-1] Root WebApplicationContext: initialization completed in 2156 ms
2017-07-04 15:31:53,444 INFO o.s.b.w.s.ServletRegistrationBean [localhost-startStop-1] Mapping servlet: 'dispatcherServlet' to [/]
2017-07-04 15:31:53,453 INFO o.s.b.w.s.AbstractFilterRegistrationBean [localhost-startStop-1] Mapping filter: 'characterEncodingFilter' to: [/*]
2017-07-04 15:31:53,454 INFO o.s.b.w.s.AbstractFilterRegistrationBean [localhost-startStop-1] Mapping filter: 'hiddenHttpMethodFilter' to: [/*]
2017-07-04 15:31:53,455 INFO o.s.b.w.s.AbstractFilterRegistrationBean [localhost-startStop-1] Mapping filter: 'httpPutFormContentFilter' to: [/*]
2017-07-04 15:31:53,455 INFO o.s.b.w.s.AbstractFilterRegistrationBean [localhost-startStop-1] Mapping filter: 'requestContextFilter' to: [/*]
2017-07-04 15:31:53,835 INFO o.s.w.s.m.m.a.RequestMappingHandlerAdapter [main] Looking for @ControllerAdvice: org.springframework.boot.context.embedded.AnnotationConfigEmbeddedWebApplicationContext@f0da945: startup date [Tue Jul 04 15:31:51 CST 2017]; root of context hierarchy
2017-07-04 15:31:53,971 INFO o.s.w.s.h.AbstractHandlerMethodMapping$MappingRegistry [main] Mapped "{[/index/get],methods=[GET]}" onto public java.util.Map<java.lang.String, java.lang.Object> com.example.demo.Controller.IndexController.get(java.lang.String)
2017-07-04 15:31:53,973 INFO o.s.w.s.h.AbstractHandlerMethodMapping$MappingRegistry [main] Mapped "{[/index/find/{name}],methods=[GET]}" onto public com.example.demo.domain.User com.example.demo.Controller.IndexController.find(java.lang.String)
2017-07-04 15:31:53,974 INFO o.s.w.s.h.AbstractHandlerMethodMapping$MappingRegistry [main] Mapped "{[/index/hello],methods=[GET]}" onto public java.lang.String com.example.demo.Controller.IndexController.hello()
2017-07-04 15:31:53,976 INFO o.s.w.s.h.AbstractHandlerMethodMapping$MappingRegistry [main] Mapped "{[/error]}" onto public org.springframework.http.ResponseEntity<java.util.Map<java.lang.String, java.lang.Object>> org.springframework.boot.autoconfigure.web.BasicErrorController.error(javax.servlet.http.HttpServletRequest)
2017-07-04 15:31:53,977 INFO o.s.w.s.h.AbstractHandlerMethodMapping$MappingRegistry [main] Mapped "{[/error],produces=[text/html]}" onto public org.springframework.web.servlet.ModelAndView org.springframework.boot.autoconfigure.web.BasicErrorController.errorHtml(javax.servlet.http.HttpServletRequest,javax.servlet.http.HttpServletResponse)
2017-07-04 15:31:54,007 INFO o.s.w.s.h.AbstractUrlHandlerMapping [main] Mapped URL path [/webjars/**] onto handler of type [class org.springframework.web.servlet.resource.ResourceHttpRequestHandler]
2017-07-04 15:31:54,008 INFO o.s.w.s.h.AbstractUrlHandlerMapping [main] Mapped URL path [/**] onto handler of type [class org.springframework.web.servlet.resource.ResourceHttpRequestHandler]
2017-07-04 15:31:54,074 INFO o.s.w.s.h.AbstractUrlHandlerMapping [main] Mapped URL path [/**/favicon.ico] onto handler of type [class org.springframework.web.servlet.resource.ResourceHttpRequestHandler]
2017-07-04 15:31:54,110 WARN o.s.b.a.t.AbstractTemplateResolverConfiguration [main] Cannot find template location: classpath:/templates/ (please add some templates or check your Thymeleaf configuration)
2017-07-04 15:31:55,247 INFO o.s.j.e.MBeanExporter [main] Registering beans for JMX exposure on startup
2017-07-04 15:31:55,269 INFO o.a.j.l.DirectJDKLog [main] Initializing ProtocolHandler ["http-nio-8099"]
2017-07-04 15:31:55,283 INFO o.a.j.l.DirectJDKLog [main] Starting ProtocolHandler ["http-nio-8099"]
2017-07-04 15:31:55,365 INFO o.a.j.l.DirectJDKLog [main] Using a shared selector for servlet write/read
2017-07-04 15:31:55,407 INFO o.s.b.c.e.t.TomcatEmbeddedServletContainer [main] Tomcat started on port(s): 8099 (http)
2017-07-04 15:31:55,412 INFO o.s.b.StartupInfoLogger [main] Started DemoParentApplication in 5.601 seconds (JVM running for 7.854)
2017-07-04 15:32:33,735 INFO o.a.j.l.DirectJDKLog [http-nio-8099-exec-1] Initializing Spring FrameworkServlet 'dispatcherServlet'
2017-07-04 15:32:33,735 INFO o.s.w.s.FrameworkServlet [http-nio-8099-exec-1] FrameworkServlet 'dispatcherServlet': initialization started
2017-07-04 15:32:33,757 INFO o.s.w.s.FrameworkServlet [http-nio-8099-exec-1] FrameworkServlet 'dispatcherServlet': initialization completed in 21 ms
2017-07-04 19:04:46,983 INFO o.s.b.a.SpringApplicationAdminMXBeanRegistrar$SpringApplicationAdmin [RMI TCP Connection(2)-192.168.0.124] Application shutdown requested.
2017-07-04 19:04:46,987 INFO o.s.c.s.AbstractApplicationContext [RMI TCP Connection(2)-192.168.0.124] Closing org.springframework.boot.context.embedded.AnnotationConfigEmbeddedWebApplicationContext@f0da945: startup date [Tue Jul 04 15:31:51 CST 2017]; root of context hierarchy
2017-07-04 19:04:47,010 INFO o.s.j.e.MBeanExporter [RMI TCP Connection(2)-192.168.0.124] Unregistering JMX-exposed beans on shutdown
