2017-07-06 10:28:10,936 INFO o.s.b.StartupInfoLogger [restartedMain] Starting WebApplication on LAPTOP-57MU4AJC with PID 11128 (I:\jun\workspace\demo-parent\webapp\target\classes started by admin in I:\jun\workspace\demo-parent\webapp)
2017-07-06 10:28:11,158 INFO o.s.b.SpringApplication [restartedMain] The following profiles are active: local
2017-07-06 10:28:11,448 INFO o.h.v.i.u.Version [background-preinit] HV000001: Hibernate Validator 5.3.5.Final
2017-07-06 10:28:11,829 INFO o.s.c.s.AbstractApplicationContext [restartedMain] Refreshing org.springframework.boot.context.embedded.AnnotationConfigEmbeddedWebApplicationContext@36f5d6cd: startup date [Thu Jul 06 10:28:11 CST 2017]; root of context hierarchy
2017-07-06 10:28:16,577 INFO o.s.b.c.e.t.TomcatEmbeddedServletContainer [restartedMain] Tomcat initialized with port(s): 8888 (http)
2017-07-06 10:28:16,636 INFO o.a.j.l.DirectJDKLog [restartedMain] Starting service [Tomcat]
2017-07-06 10:28:16,638 INFO o.a.j.l.DirectJDKLog [restartedMain] Starting Servlet Engine: Apache Tomcat/8.5.15
2017-07-06 10:28:17,042 INFO o.a.j.l.DirectJDKLog [localhost-startStop-1] Initializing Spring embedded WebApplicationContext
2017-07-06 10:28:17,042 INFO o.s.b.c.e.EmbeddedWebApplicationContext [localhost-startStop-1] Root WebApplicationContext: initialization completed in 5217 ms
2017-07-06 10:28:17,256 INFO o.s.b.w.s.ServletRegistrationBean [localhost-startStop-1] Mapping servlet: 'dispatcherServlet' to [/]
2017-07-06 10:28:17,262 INFO o.s.b.w.s.AbstractFilterRegistrationBean [localhost-startStop-1] Mapping filter: 'characterEncodingFilter' to: [/*]
2017-07-06 10:28:17,263 INFO o.s.b.w.s.AbstractFilterRegistrationBean [localhost-startStop-1] Mapping filter: 'hiddenHttpMethodFilter' to: [/*]
2017-07-06 10:28:17,264 INFO o.s.b.w.s.AbstractFilterRegistrationBean [localhost-startStop-1] Mapping filter: 'httpPutFormContentFilter' to: [/*]
2017-07-06 10:28:17,264 INFO o.s.b.w.s.AbstractFilterRegistrationBean [localhost-startStop-1] Mapping filter: 'requestContextFilter' to: [/*]
2017-07-06 10:28:19,059 INFO o.s.w.s.m.m.a.RequestMappingHandlerAdapter [restartedMain] Looking for @ControllerAdvice: org.springframework.boot.context.embedded.AnnotationConfigEmbeddedWebApplicationContext@36f5d6cd: startup date [Thu Jul 06 10:28:11 CST 2017]; root of context hierarchy
2017-07-06 10:28:19,295 INFO o.s.w.s.h.AbstractHandlerMethodMapping$MappingRegistry [restartedMain] Mapped "{[/index]}" onto public org.springframework.web.servlet.ModelAndView com.webapp.controller.LoginController.index()
2017-07-06 10:28:19,298 INFO o.s.w.s.h.AbstractHandlerMethodMapping$MappingRegistry [restartedMain] Mapped "{[/error]}" onto public org.springframework.http.ResponseEntity<java.util.Map<java.lang.String, java.lang.Object>> org.springframework.boot.autoconfigure.web.BasicErrorController.error(javax.servlet.http.HttpServletRequest)
2017-07-06 10:28:19,299 INFO o.s.w.s.h.AbstractHandlerMethodMapping$MappingRegistry [restartedMain] Mapped "{[/error],produces=[text/html]}" onto public org.springframework.web.servlet.ModelAndView org.springframework.boot.autoconfigure.web.BasicErrorController.errorHtml(javax.servlet.http.HttpServletRequest,javax.servlet.http.HttpServletResponse)
2017-07-06 10:28:19,342 INFO o.s.w.s.h.AbstractUrlHandlerMapping [restartedMain] Mapped URL path [/webjars/**] onto handler of type [class org.springframework.web.servlet.resource.ResourceHttpRequestHandler]
2017-07-06 10:28:19,343 INFO o.s.w.s.h.AbstractUrlHandlerMapping [restartedMain] Mapped URL path [/**] onto handler of type [class org.springframework.web.servlet.resource.ResourceHttpRequestHandler]
2017-07-06 10:28:19,404 INFO o.s.w.s.h.AbstractUrlHandlerMapping [restartedMain] Mapped URL path [/**/favicon.ico] onto handler of type [class org.springframework.web.servlet.resource.ResourceHttpRequestHandler]
2017-07-06 10:28:20,326 INFO o.s.b.d.a.OptionalLiveReloadServer [restartedMain] LiveReload server is running on port 35729
2017-07-06 10:28:20,414 INFO o.s.j.e.MBeanExporter [restartedMain] Registering beans for JMX exposure on startup
2017-07-06 10:28:20,461 INFO o.a.j.l.DirectJDKLog [restartedMain] Initializing ProtocolHandler ["http-nio-8888"]
2017-07-06 10:28:20,522 INFO o.a.j.l.DirectJDKLog [restartedMain] Starting ProtocolHandler ["http-nio-8888"]
2017-07-06 10:28:20,663 INFO o.a.j.l.DirectJDKLog [restartedMain] Using a shared selector for servlet write/read
2017-07-06 10:28:20,693 INFO o.s.b.c.e.t.TomcatEmbeddedServletContainer [restartedMain] Tomcat started on port(s): 8888 (http)
2017-07-06 10:28:20,736 INFO o.s.b.StartupInfoLogger [restartedMain] Started WebApplication in 10.137 seconds (JVM running for 11.168)
2017-07-06 10:29:47,863 INFO o.a.j.l.DirectJDKLog [http-nio-8888-exec-1] Initializing Spring FrameworkServlet 'dispatcherServlet'
2017-07-06 10:29:47,864 INFO o.s.w.s.FrameworkServlet [http-nio-8888-exec-1] FrameworkServlet 'dispatcherServlet': initialization started
2017-07-06 10:29:47,893 INFO o.s.w.s.FrameworkServlet [http-nio-8888-exec-1] FrameworkServlet 'dispatcherServlet': initialization completed in 29 ms
2017-07-06 10:29:48,003 INFO o.t.TemplateEngine [http-nio-8888-exec-1] [THYMELEAF] INITIALIZING TEMPLATE ENGINE
2017-07-06 10:29:48,159 INFO o.t.t.AbstractTemplateResolver [http-nio-8888-exec-1] [THYMELEAF] INITIALIZING TEMPLATE RESOLVER: org.thymeleaf.spring4.templateresolver.SpringResourceTemplateResolver
2017-07-06 10:29:48,160 INFO o.t.t.AbstractTemplateResolver [http-nio-8888-exec-1] [THYMELEAF] TEMPLATE RESOLVER INITIALIZED OK
2017-07-06 10:29:48,160 INFO o.t.m.AbstractMessageResolver [http-nio-8888-exec-1] [THYMELEAF] INITIALIZING MESSAGE RESOLVER: org.thymeleaf.spring4.messageresolver.SpringMessageResolver
2017-07-06 10:29:48,160 INFO o.t.m.AbstractMessageResolver [http-nio-8888-exec-1] [THYMELEAF] MESSAGE RESOLVER INITIALIZED OK
2017-07-06 10:29:48,165 INFO o.t.ConfigurationPrinterHelper [http-nio-8888-exec-1] [THYMELEAF] TEMPLATE ENGINE CONFIGURATION:
[THYMELEAF] * Cache Factory implementation: org.thymeleaf.cache.StandardCacheManager
[THYMELEAF] * Template modes:
[THYMELEAF]     * VALIDXHTML
[THYMELEAF]     * VALIDXML
[THYMELEAF]     * HTML5
[THYMELEAF]     * XHTML
[THYMELEAF]     * LEGACYHTML5
[THYMELEAF]     * XML
[THYMELEAF] * Template resolvers (in order):
[THYMELEAF]     * org.thymeleaf.spring4.templateresolver.SpringResourceTemplateResolver
[THYMELEAF] * Message resolvers (in order):
[THYMELEAF]     * org.thymeleaf.spring4.messageresolver.SpringMessageResolver
[THYMELEAF] * Dialect [1 of 2]: org.thymeleaf.spring4.dialect.SpringStandardDialect
[THYMELEAF]     * Prefix: "th"
[THYMELEAF] * Dialect [2 of 2]: nz.net.ultraq.thymeleaf.LayoutDialect
[THYMELEAF]     * Prefix: "layout"
[THYMELEAF] TEMPLATE ENGINE CONFIGURED OK
2017-07-06 10:29:48,166 INFO o.t.TemplateEngine [http-nio-8888-exec-1] [THYMELEAF] TEMPLATE ENGINE INITIALIZED
2017-07-06 10:36:49,760 ERROR o.t.TemplateEngine [http-nio-8888-exec-9] [THYMELEAF][http-nio-8888-exec-9] Exception processing template "/index": Could not parse as expression: "../static/css/bootstrap/bootstrap.addtabs.css" (/index)
2017-07-06 10:36:49,762 ERROR o.a.j.l.DirectJDKLog [http-nio-8888-exec-9] Servlet.service() for servlet [dispatcherServlet] in context with path [] threw exception [Request processing failed; nested exception is org.thymeleaf.exceptions.TemplateProcessingException: Could not parse as expression: "../static/css/bootstrap/bootstrap.addtabs.css" (/index)] with root cause
org.thymeleaf.exceptions.TemplateProcessingException: Could not parse as expression: "../static/css/bootstrap/bootstrap.addtabs.css" (/index)
	at org.thymeleaf.standard.expression.StandardExpressionParser.parseExpression(StandardExpressionParser.java:238) ~[thymeleaf-2.1.5.RELEASE.jar:2.1.5.RELEASE]
	at org.thymeleaf.standard.expression.StandardExpressionParser.parseExpression(StandardExpressionParser.java:79) ~[thymeleaf-2.1.5.RELEASE.jar:2.1.5.RELEASE]
	at org.thymeleaf.standard.expression.StandardExpressionParser.parseExpression(StandardExpressionParser.java:40) ~[thymeleaf-2.1.5.RELEASE.jar:2.1.5.RELEASE]
	at org.thymeleaf.standard.processor.attr.AbstractStandardSingleAttributeModifierAttrProcessor.getTargetAttributeValue(AbstractStandardSingleAttributeModifierAttrProcessor.java:65) ~[thymeleaf-2.1.5.RELEASE.jar:2.1.5.RELEASE]
	at org.thymeleaf.spring4.processor.attr.SpringHrefAttrProcessor.getTargetAttributeValue(SpringHrefAttrProcessor.java:68) ~[thymeleaf-spring4-2.1.5.RELEASE.jar:2.1.5.RELEASE]
	at org.thymeleaf.processor.attr.AbstractSingleAttributeModifierAttrProcessor.getModifiedAttributeValues(AbstractSingleAttributeModifierAttrProcessor.java:59) ~[thymeleaf-2.1.5.RELEASE.jar:2.1.5.RELEASE]
	at org.thymeleaf.processor.attr.AbstractAttributeModifierAttrProcessor.processAttribute(AbstractAttributeModifierAttrProcessor.java:62) ~[thymeleaf-2.1.5.RELEASE.jar:2.1.5.RELEASE]
	at org.thymeleaf.processor.attr.AbstractAttrProcessor.doProcess(AbstractAttrProcessor.java:87) ~[thymeleaf-2.1.5.RELEASE.jar:2.1.5.RELEASE]
	at org.thymeleaf.processor.AbstractProcessor.process(AbstractProcessor.java:212) ~[thymeleaf-2.1.5.RELEASE.jar:2.1.5.RELEASE]
	at org.thymeleaf.dom.Node.applyNextProcessor(Node.java:1017) ~[thymeleaf-2.1.5.RELEASE.jar:2.1.5.RELEASE]
	at org.thymeleaf.dom.Node.processNode(Node.java:972) ~[thymeleaf-2.1.5.RELEASE.jar:2.1.5.RELEASE]
	at org.thymeleaf.dom.NestableNode.computeNextChild(NestableNode.java:695) ~[thymeleaf-2.1.5.RELEASE.jar:2.1.5.RELEASE]
	at org.thymeleaf.dom.NestableNode.doAdditionalProcess(NestableNode.java:668) ~[thymeleaf-2.1.5.RELEASE.jar:2.1.5.RELEASE]
	at org.thymeleaf.dom.Node.processNode(Node.java:990) ~[thymeleaf-2.1.5.RELEASE.jar:2.1.5.RELEASE]
	at org.thymeleaf.dom.NestableNode.computeNextChild(NestableNode.java:695) ~[thymeleaf-2.1.5.RELEASE.jar:2.1.5.RELEASE]
	at org.thymeleaf.dom.NestableNode.doAdditionalProcess(NestableNode.java:668) ~[thymeleaf-2.1.5.RELEASE.jar:2.1.5.RELEASE]
	at org.thymeleaf.dom.Node.processNode(Node.java:990) ~[thymeleaf-2.1.5.RELEASE.jar:2.1.5.RELEASE]
	at org.thymeleaf.dom.NestableNode.computeNextChild(NestableNode.java:695) ~[thymeleaf-2.1.5.RELEASE.jar:2.1.5.RELEASE]
	at org.thymeleaf.dom.NestableNode.doAdditionalProcess(NestableNode.java:668) ~[thymeleaf-2.1.5.RELEASE.jar:2.1.5.RELEASE]
	at org.thymeleaf.dom.Node.processNode(Node.java:990) ~[thymeleaf-2.1.5.RELEASE.jar:2.1.5.RELEASE]
	at org.thymeleaf.dom.Document.process(Document.java:93) ~[thymeleaf-2.1.5.RELEASE.jar:2.1.5.RELEASE]
	at org.thymeleaf.TemplateEngine.process(TemplateEngine.java:1155) ~[thymeleaf-2.1.5.RELEASE.jar:2.1.5.RELEASE]
	at org.thymeleaf.TemplateEngine.process(TemplateEngine.java:1060) ~[thymeleaf-2.1.5.RELEASE.jar:2.1.5.RELEASE]
	at org.thymeleaf.TemplateEngine.process(TemplateEngine.java:1011) ~[thymeleaf-2.1.5.RELEASE.jar:2.1.5.RELEASE]
	at org.thymeleaf.spring4.view.ThymeleafView.renderFragment(ThymeleafView.java:335) ~[thymeleaf-spring4-2.1.5.RELEASE.jar:2.1.5.RELEASE]
	at org.thymeleaf.spring4.view.ThymeleafView.render(ThymeleafView.java:190) ~[thymeleaf-spring4-2.1.5.RELEASE.jar:2.1.5.RELEASE]
	at org.springframework.web.servlet.DispatcherServlet.render(DispatcherServlet.java:1286) ~[spring-webmvc-4.3.9.RELEASE.jar:4.3.9.RELEASE]
	at org.springframework.web.servlet.DispatcherServlet.processDispatchResult(DispatcherServlet.java:1041) ~[spring-webmvc-4.3.9.RELEASE.jar:4.3.9.RELEASE]
	at org.springframework.web.servlet.DispatcherServlet.doDispatch(DispatcherServlet.java:984) ~[spring-webmvc-4.3.9.RELEASE.jar:4.3.9.RELEASE]
	at org.springframework.web.servlet.DispatcherServlet.doService(DispatcherServlet.java:901) ~[spring-webmvc-4.3.9.RELEASE.jar:4.3.9.RELEASE]
	at org.springframework.web.servlet.FrameworkServlet.processRequest(FrameworkServlet.java:970) ~[spring-webmvc-4.3.9.RELEASE.jar:4.3.9.RELEASE]
	at org.springframework.web.servlet.FrameworkServlet.doGet(FrameworkServlet.java:861) ~[spring-webmvc-4.3.9.RELEASE.jar:4.3.9.RELEASE]
	at javax.servlet.http.HttpServlet.service(HttpServlet.java:635) ~[tomcat-embed-core-8.5.15.jar:8.5.15]
	at org.springframework.web.servlet.FrameworkServlet.service(FrameworkServlet.java:846) ~[spring-webmvc-4.3.9.RELEASE.jar:4.3.9.RELEASE]
	at javax.servlet.http.HttpServlet.service(HttpServlet.java:742) ~[tomcat-embed-core-8.5.15.jar:8.5.15]
	at org.apache.catalina.core.ApplicationFilterChain.internalDoFilter(ApplicationFilterChain.java:231) ~[tomcat-embed-core-8.5.15.jar:8.5.15]
	at org.apache.catalina.core.ApplicationFilterChain.doFilter(ApplicationFilterChain.java:166) ~[tomcat-embed-core-8.5.15.jar:8.5.15]
	at org.apache.tomcat.websocket.server.WsFilter.doFilter(WsFilter.java:52) ~[tomcat-embed-websocket-8.5.15.jar:8.5.15]
	at org.apache.catalina.core.ApplicationFilterChain.internalDoFilter(ApplicationFilterChain.java:193) ~[tomcat-embed-core-8.5.15.jar:8.5.15]
	at org.apache.catalina.core.ApplicationFilterChain.doFilter(ApplicationFilterChain.java:166) ~[tomcat-embed-core-8.5.15.jar:8.5.15]
	at org.springframework.web.filter.RequestContextFilter.doFilterInternal(RequestContextFilter.java:99) ~[spring-web-4.3.9.RELEASE.jar:4.3.9.RELEASE]
	at org.springframework.web.filter.OncePerRequestFilter.doFilter(OncePerRequestFilter.java:107) ~[spring-web-4.3.9.RELEASE.jar:4.3.9.RELEASE]
	at org.apache.catalina.core.ApplicationFilterChain.internalDoFilter(ApplicationFilterChain.java:193) ~[tomcat-embed-core-8.5.15.jar:8.5.15]
	at org.apache.catalina.core.ApplicationFilterChain.doFilter(ApplicationFilterChain.java:166) ~[tomcat-embed-core-8.5.15.jar:8.5.15]
	at org.springframework.web.filter.HttpPutFormContentFilter.doFilterInternal(HttpPutFormContentFilter.java:105) ~[spring-web-4.3.9.RELEASE.jar:4.3.9.RELEASE]
	at org.springframework.web.filter.OncePerRequestFilter.doFilter(OncePerRequestFilter.java:107) ~[spring-web-4.3.9.RELEASE.jar:4.3.9.RELEASE]
	at org.apache.catalina.core.ApplicationFilterChain.internalDoFilter(ApplicationFilterChain.java:193) ~[tomcat-embed-core-8.5.15.jar:8.5.15]
	at org.apache.catalina.core.ApplicationFilterChain.doFilter(ApplicationFilterChain.java:166) ~[tomcat-embed-core-8.5.15.jar:8.5.15]
	at org.springframework.web.filter.HiddenHttpMethodFilter.doFilterInternal(HiddenHttpMethodFilter.java:81) ~[spring-web-4.3.9.RELEASE.jar:4.3.9.RELEASE]
	at org.springframework.web.filter.OncePerRequestFilter.doFilter(OncePerRequestFilter.java:107) ~[spring-web-4.3.9.RELEASE.jar:4.3.9.RELEASE]
	at org.apache.catalina.core.ApplicationFilterChain.internalDoFilter(ApplicationFilterChain.java:193) ~[tomcat-embed-core-8.5.15.jar:8.5.15]
	at org.apache.catalina.core.ApplicationFilterChain.doFilter(ApplicationFilterChain.java:166) ~[tomcat-embed-core-8.5.15.jar:8.5.15]
	at org.springframework.web.filter.CharacterEncodingFilter.doFilterInternal(CharacterEncodingFilter.java:197) ~[spring-web-4.3.9.RELEASE.jar:4.3.9.RELEASE]
	at org.springframework.web.filter.OncePerRequestFilter.doFilter(OncePerRequestFilter.java:107) ~[spring-web-4.3.9.RELEASE.jar:4.3.9.RELEASE]
	at org.apache.catalina.core.ApplicationFilterChain.internalDoFilter(ApplicationFilterChain.java:193) ~[tomcat-embed-core-8.5.15.jar:8.5.15]
	at org.apache.catalina.core.ApplicationFilterChain.doFilter(ApplicationFilterChain.java:166) ~[tomcat-embed-core-8.5.15.jar:8.5.15]
	at org.apache.catalina.core.StandardWrapperValve.invoke(StandardWrapperValve.java:198) [tomcat-embed-core-8.5.15.jar:8.5.15]
	at org.apache.catalina.core.StandardContextValve.invoke(StandardContextValve.java:96) [tomcat-embed-core-8.5.15.jar:8.5.15]
	at org.apache.catalina.authenticator.AuthenticatorBase.invoke(AuthenticatorBase.java:478) [tomcat-embed-core-8.5.15.jar:8.5.15]
	at org.apache.catalina.core.StandardHostValve.invoke(StandardHostValve.java:140) [tomcat-embed-core-8.5.15.jar:8.5.15]
	at org.apache.catalina.valves.ErrorReportValve.invoke(ErrorReportValve.java:80) [tomcat-embed-core-8.5.15.jar:8.5.15]
	at org.apache.catalina.core.StandardEngineValve.invoke(StandardEngineValve.java:87) [tomcat-embed-core-8.5.15.jar:8.5.15]
	at org.apache.catalina.connector.CoyoteAdapter.service(CoyoteAdapter.java:342) [tomcat-embed-core-8.5.15.jar:8.5.15]
	at org.apache.coyote.http11.Http11Processor.service(Http11Processor.java:799) [tomcat-embed-core-8.5.15.jar:8.5.15]
	at org.apache.coyote.AbstractProcessorLight.process(AbstractProcessorLight.java:66) [tomcat-embed-core-8.5.15.jar:8.5.15]
	at org.apache.coyote.AbstractProtocol$ConnectionHandler.process(AbstractProtocol.java:861) [tomcat-embed-core-8.5.15.jar:8.5.15]
	at org.apache.tomcat.util.net.NioEndpoint$SocketProcessor.doRun(NioEndpoint.java:1455) [tomcat-embed-core-8.5.15.jar:8.5.15]
	at org.apache.tomcat.util.net.SocketProcessorBase.run(SocketProcessorBase.java:49) [tomcat-embed-core-8.5.15.jar:8.5.15]
	at java.util.concurrent.ThreadPoolExecutor.runWorker(ThreadPoolExecutor.java:1142) [?:1.8.0_131]
	at java.util.concurrent.ThreadPoolExecutor$Worker.run(ThreadPoolExecutor.java:617) [?:1.8.0_131]
	at org.apache.tomcat.util.threads.TaskThread$WrappingRunnable.run(TaskThread.java:61) [tomcat-embed-core-8.5.15.jar:8.5.15]
	at java.lang.Thread.run(Thread.java:748) [?:1.8.0_131]
2017-07-06 11:00:44,752 INFO o.s.b.StartupInfoLogger [restartedMain] Starting WebApplication on LAPTOP-57MU4AJC with PID 10464 (I:\jun\workspace\demo-parent\webapp\target\classes started by admin in I:\jun\workspace\demo-parent\webapp)
2017-07-06 11:00:44,756 INFO o.s.b.SpringApplication [restartedMain] The following profiles are active: local
2017-07-06 11:00:45,185 INFO o.h.v.i.u.Version [background-preinit] HV000001: Hibernate Validator 5.3.5.Final
2017-07-06 11:00:45,210 INFO o.s.c.s.AbstractApplicationContext [restartedMain] Refreshing org.springframework.boot.context.embedded.AnnotationConfigEmbeddedWebApplicationContext@2795472f: startup date [Thu Jul 06 11:00:45 CST 2017]; root of context hierarchy
2017-07-06 11:00:47,384 INFO o.s.b.c.e.t.TomcatEmbeddedServletContainer [restartedMain] Tomcat initialized with port(s): 8888 (http)
2017-07-06 11:00:47,399 INFO o.a.j.l.DirectJDKLog [restartedMain] Starting service [Tomcat]
2017-07-06 11:00:47,401 INFO o.a.j.l.DirectJDKLog [restartedMain] Starting Servlet Engine: Apache Tomcat/8.5.15
2017-07-06 11:00:47,524 INFO o.a.j.l.DirectJDKLog [localhost-startStop-1] Initializing Spring embedded WebApplicationContext
2017-07-06 11:00:47,525 INFO o.s.b.c.e.EmbeddedWebApplicationContext [localhost-startStop-1] Root WebApplicationContext: initialization completed in 2318 ms
2017-07-06 11:00:47,740 INFO o.s.b.w.s.ServletRegistrationBean [localhost-startStop-1] Mapping servlet: 'dispatcherServlet' to [/]
2017-07-06 11:00:47,746 INFO o.s.b.w.s.AbstractFilterRegistrationBean [localhost-startStop-1] Mapping filter: 'characterEncodingFilter' to: [/*]
2017-07-06 11:00:47,747 INFO o.s.b.w.s.AbstractFilterRegistrationBean [localhost-startStop-1] Mapping filter: 'hiddenHttpMethodFilter' to: [/*]
2017-07-06 11:00:47,747 INFO o.s.b.w.s.AbstractFilterRegistrationBean [localhost-startStop-1] Mapping filter: 'httpPutFormContentFilter' to: [/*]
2017-07-06 11:00:47,748 INFO o.s.b.w.s.AbstractFilterRegistrationBean [localhost-startStop-1] Mapping filter: 'requestContextFilter' to: [/*]
2017-07-06 11:00:48,275 INFO o.s.w.s.m.m.a.RequestMappingHandlerAdapter [restartedMain] Looking for @ControllerAdvice: org.springframework.boot.context.embedded.AnnotationConfigEmbeddedWebApplicationContext@2795472f: startup date [Thu Jul 06 11:00:45 CST 2017]; root of context hierarchy
2017-07-06 11:00:48,371 INFO o.s.w.s.h.AbstractHandlerMethodMapping$MappingRegistry [restartedMain] Mapped "{[/index]}" onto public org.springframework.web.servlet.ModelAndView com.webapp.controller.LoginController.index()
2017-07-06 11:00:48,375 INFO o.s.w.s.h.AbstractHandlerMethodMapping$MappingRegistry [restartedMain] Mapped "{[/error]}" onto public org.springframework.http.ResponseEntity<java.util.Map<java.lang.String, java.lang.Object>> org.springframework.boot.autoconfigure.web.BasicErrorController.error(javax.servlet.http.HttpServletRequest)
2017-07-06 11:00:48,378 INFO o.s.w.s.h.AbstractHandlerMethodMapping$MappingRegistry [restartedMain] Mapped "{[/error],produces=[text/html]}" onto public org.springframework.web.servlet.ModelAndView org.springframework.boot.autoconfigure.web.BasicErrorController.errorHtml(javax.servlet.http.HttpServletRequest,javax.servlet.http.HttpServletResponse)
2017-07-06 11:00:48,450 INFO o.s.w.s.h.AbstractUrlHandlerMapping [restartedMain] Mapped URL path [/webjars/**] onto handler of type [class org.springframework.web.servlet.resource.ResourceHttpRequestHandler]
2017-07-06 11:00:48,450 INFO o.s.w.s.h.AbstractUrlHandlerMapping [restartedMain] Mapped URL path [/**] onto handler of type [class org.springframework.web.servlet.resource.ResourceHttpRequestHandler]
2017-07-06 11:00:48,553 INFO o.s.w.s.h.AbstractUrlHandlerMapping [restartedMain] Mapped URL path [/**/favicon.ico] onto handler of type [class org.springframework.web.servlet.resource.ResourceHttpRequestHandler]
2017-07-06 11:00:49,380 INFO o.s.b.d.a.OptionalLiveReloadServer [restartedMain] LiveReload server is running on port 35729
2017-07-06 11:00:49,634 INFO o.s.j.e.MBeanExporter [restartedMain] Registering beans for JMX exposure on startup
2017-07-06 11:00:49,687 INFO o.a.j.l.DirectJDKLog [restartedMain] Initializing ProtocolHandler ["http-nio-8888"]
2017-07-06 11:00:49,715 INFO o.a.j.l.DirectJDKLog [restartedMain] Starting ProtocolHandler ["http-nio-8888"]
2017-07-06 11:00:49,735 INFO o.a.j.l.DirectJDKLog [restartedMain] Using a shared selector for servlet write/read
2017-07-06 11:00:49,834 INFO o.s.b.c.e.t.TomcatEmbeddedServletContainer [restartedMain] Tomcat started on port(s): 8888 (http)
2017-07-06 11:00:49,841 INFO o.s.b.StartupInfoLogger [restartedMain] Started WebApplication in 5.531 seconds (JVM running for 6.993)
2017-07-06 11:01:13,698 INFO o.a.j.l.DirectJDKLog [http-nio-8888-exec-1] Initializing Spring FrameworkServlet 'dispatcherServlet'
2017-07-06 11:01:13,699 INFO o.s.w.s.FrameworkServlet [http-nio-8888-exec-1] FrameworkServlet 'dispatcherServlet': initialization started
2017-07-06 11:01:13,731 INFO o.s.w.s.FrameworkServlet [http-nio-8888-exec-1] FrameworkServlet 'dispatcherServlet': initialization completed in 32 ms
2017-07-06 11:01:13,802 INFO o.t.TemplateEngine [http-nio-8888-exec-1] [THYMELEAF] INITIALIZING TEMPLATE ENGINE
2017-07-06 11:01:13,911 INFO o.t.t.AbstractTemplateResolver [http-nio-8888-exec-1] [THYMELEAF] INITIALIZING TEMPLATE RESOLVER: org.thymeleaf.spring4.templateresolver.SpringResourceTemplateResolver
2017-07-06 11:01:13,912 INFO o.t.t.AbstractTemplateResolver [http-nio-8888-exec-1] [THYMELEAF] TEMPLATE RESOLVER INITIALIZED OK
2017-07-06 11:01:13,912 INFO o.t.m.AbstractMessageResolver [http-nio-8888-exec-1] [THYMELEAF] INITIALIZING MESSAGE RESOLVER: org.thymeleaf.spring4.messageresolver.SpringMessageResolver
2017-07-06 11:01:13,913 INFO o.t.m.AbstractMessageResolver [http-nio-8888-exec-1] [THYMELEAF] MESSAGE RESOLVER INITIALIZED OK
2017-07-06 11:01:13,923 INFO o.t.ConfigurationPrinterHelper [http-nio-8888-exec-1] [THYMELEAF] TEMPLATE ENGINE CONFIGURATION:
[THYMELEAF] * Cache Factory implementation: org.thymeleaf.cache.StandardCacheManager
[THYMELEAF] * Template modes:
[THYMELEAF]     * XHTML
[THYMELEAF]     * LEGACYHTML5
[THYMELEAF]     * HTML5
[THYMELEAF]     * XML
[THYMELEAF]     * VALIDXML
[THYMELEAF]     * VALIDXHTML
[THYMELEAF] * Template resolvers (in order):
[THYMELEAF]     * org.thymeleaf.spring4.templateresolver.SpringResourceTemplateResolver
[THYMELEAF] * Message resolvers (in order):
[THYMELEAF]     * org.thymeleaf.spring4.messageresolver.SpringMessageResolver
[THYMELEAF] * Dialect [1 of 2]: org.thymeleaf.spring4.dialect.SpringStandardDialect
[THYMELEAF]     * Prefix: "th"
[THYMELEAF] * Dialect [2 of 2]: nz.net.ultraq.thymeleaf.LayoutDialect
[THYMELEAF]     * Prefix: "layout"
[THYMELEAF] TEMPLATE ENGINE CONFIGURED OK
2017-07-06 11:01:13,923 INFO o.t.TemplateEngine [http-nio-8888-exec-1] [THYMELEAF] TEMPLATE ENGINE INITIALIZED
2017-07-06 11:28:41,906 INFO o.s.b.StartupInfoLogger [restartedMain] Starting WebApplication on LAPTOP-57MU4AJC with PID 9184 (I:\jun\workspace\demo-parent\webapp\target\classes started by admin in I:\jun\workspace\demo-parent\webapp)
2017-07-06 11:28:41,909 INFO o.s.b.SpringApplication [restartedMain] The following profiles are active: local
2017-07-06 11:28:42,195 INFO o.s.c.s.AbstractApplicationContext [restartedMain] Refreshing org.springframework.boot.context.embedded.AnnotationConfigEmbeddedWebApplicationContext@39d2a9bd: startup date [Thu Jul 06 11:28:42 CST 2017]; root of context hierarchy
2017-07-06 11:28:42,330 INFO o.h.v.i.u.Version [background-preinit] HV000001: Hibernate Validator 5.3.5.Final
2017-07-06 11:28:43,825 INFO o.s.b.c.e.t.TomcatEmbeddedServletContainer [restartedMain] Tomcat initialized with port(s): 8888 (http)
2017-07-06 11:28:43,840 INFO o.a.j.l.DirectJDKLog [restartedMain] Starting service [Tomcat]
2017-07-06 11:28:43,841 INFO o.a.j.l.DirectJDKLog [restartedMain] Starting Servlet Engine: Apache Tomcat/8.5.15
2017-07-06 11:28:43,994 INFO o.a.j.l.DirectJDKLog [localhost-startStop-1] Initializing Spring embedded WebApplicationContext
2017-07-06 11:28:43,995 INFO o.s.b.c.e.EmbeddedWebApplicationContext [localhost-startStop-1] Root WebApplicationContext: initialization completed in 1803 ms
2017-07-06 11:28:44,149 INFO o.s.b.w.s.ServletRegistrationBean [localhost-startStop-1] Mapping servlet: 'dispatcherServlet' to [/]
2017-07-06 11:28:44,153 INFO o.s.b.w.s.AbstractFilterRegistrationBean [localhost-startStop-1] Mapping filter: 'characterEncodingFilter' to: [/*]
2017-07-06 11:28:44,154 INFO o.s.b.w.s.AbstractFilterRegistrationBean [localhost-startStop-1] Mapping filter: 'hiddenHttpMethodFilter' to: [/*]
2017-07-06 11:28:44,154 INFO o.s.b.w.s.AbstractFilterRegistrationBean [localhost-startStop-1] Mapping filter: 'httpPutFormContentFilter' to: [/*]
2017-07-06 11:28:44,155 INFO o.s.b.w.s.AbstractFilterRegistrationBean [localhost-startStop-1] Mapping filter: 'requestContextFilter' to: [/*]
2017-07-06 11:28:44,456 INFO o.s.w.s.m.m.a.RequestMappingHandlerAdapter [restartedMain] Looking for @ControllerAdvice: org.springframework.boot.context.embedded.AnnotationConfigEmbeddedWebApplicationContext@39d2a9bd: startup date [Thu Jul 06 11:28:42 CST 2017]; root of context hierarchy
2017-07-06 11:28:44,525 INFO o.s.w.s.h.AbstractHandlerMethodMapping$MappingRegistry [restartedMain] Mapped "{[/index]}" onto public org.springframework.web.servlet.ModelAndView com.webapp.controller.LoginController.index()
2017-07-06 11:28:44,529 INFO o.s.w.s.h.AbstractHandlerMethodMapping$MappingRegistry [restartedMain] Mapped "{[/error]}" onto public org.springframework.http.ResponseEntity<java.util.Map<java.lang.String, java.lang.Object>> org.springframework.boot.autoconfigure.web.BasicErrorController.error(javax.servlet.http.HttpServletRequest)
2017-07-06 11:28:44,530 INFO o.s.w.s.h.AbstractHandlerMethodMapping$MappingRegistry [restartedMain] Mapped "{[/error],produces=[text/html]}" onto public org.springframework.web.servlet.ModelAndView org.springframework.boot.autoconfigure.web.BasicErrorController.errorHtml(javax.servlet.http.HttpServletRequest,javax.servlet.http.HttpServletResponse)
2017-07-06 11:28:44,555 INFO o.s.w.s.h.AbstractUrlHandlerMapping [restartedMain] Mapped URL path [/webjars/**] onto handler of type [class org.springframework.web.servlet.resource.ResourceHttpRequestHandler]
2017-07-06 11:28:44,555 INFO o.s.w.s.h.AbstractUrlHandlerMapping [restartedMain] Mapped URL path [/**] onto handler of type [class org.springframework.web.servlet.resource.ResourceHttpRequestHandler]
2017-07-06 11:28:44,595 INFO o.s.w.s.h.AbstractUrlHandlerMapping [restartedMain] Mapped URL path [/**/favicon.ico] onto handler of type [class org.springframework.web.servlet.resource.ResourceHttpRequestHandler]
2017-07-06 11:28:45,064 INFO o.s.b.a.w.WebMvcAutoConfiguration$WelcomePageHandlerMapping [restartedMain] Adding welcome page: class path resource [static/index.html]
2017-07-06 11:28:45,232 INFO o.s.b.d.a.OptionalLiveReloadServer [restartedMain] LiveReload server is running on port 35729
2017-07-06 11:28:45,282 INFO o.s.j.e.MBeanExporter [restartedMain] Registering beans for JMX exposure on startup
2017-07-06 11:28:45,300 INFO o.a.j.l.DirectJDKLog [restartedMain] Initializing ProtocolHandler ["http-nio-8888"]
2017-07-06 11:28:45,311 INFO o.a.j.l.DirectJDKLog [restartedMain] Starting ProtocolHandler ["http-nio-8888"]
2017-07-06 11:28:45,323 INFO o.a.j.l.DirectJDKLog [restartedMain] Using a shared selector for servlet write/read
2017-07-06 11:28:45,344 INFO o.s.b.c.e.t.TomcatEmbeddedServletContainer [restartedMain] Tomcat started on port(s): 8888 (http)
2017-07-06 11:28:45,350 INFO o.s.b.StartupInfoLogger [restartedMain] Started WebApplication in 3.766 seconds (JVM running for 5.233)
2017-07-06 11:28:49,190 INFO o.a.j.l.DirectJDKLog [http-nio-8888-exec-1] Initializing Spring FrameworkServlet 'dispatcherServlet'
2017-07-06 11:28:49,190 INFO o.s.w.s.FrameworkServlet [http-nio-8888-exec-1] FrameworkServlet 'dispatcherServlet': initialization started
2017-07-06 11:28:49,216 INFO o.s.w.s.FrameworkServlet [http-nio-8888-exec-1] FrameworkServlet 'dispatcherServlet': initialization completed in 26 ms
2017-07-06 11:28:49,254 INFO o.t.TemplateEngine [http-nio-8888-exec-1] [THYMELEAF] INITIALIZING TEMPLATE ENGINE
2017-07-06 11:28:49,336 INFO o.t.t.AbstractTemplateResolver [http-nio-8888-exec-1] [THYMELEAF] INITIALIZING TEMPLATE RESOLVER: org.thymeleaf.spring4.templateresolver.SpringResourceTemplateResolver
2017-07-06 11:28:49,337 INFO o.t.t.AbstractTemplateResolver [http-nio-8888-exec-1] [THYMELEAF] TEMPLATE RESOLVER INITIALIZED OK
2017-07-06 11:28:49,337 INFO o.t.m.AbstractMessageResolver [http-nio-8888-exec-1] [THYMELEAF] INITIALIZING MESSAGE RESOLVER: org.thymeleaf.spring4.messageresolver.SpringMessageResolver
2017-07-06 11:28:49,338 INFO o.t.m.AbstractMessageResolver [http-nio-8888-exec-1] [THYMELEAF] MESSAGE RESOLVER INITIALIZED OK
2017-07-06 11:28:49,344 INFO o.t.ConfigurationPrinterHelper [http-nio-8888-exec-1] [THYMELEAF] TEMPLATE ENGINE CONFIGURATION:
[THYMELEAF] * Cache Factory implementation: org.thymeleaf.cache.StandardCacheManager
[THYMELEAF] * Template modes:
[THYMELEAF]     * LEGACYHTML5
[THYMELEAF]     * VALIDXML
[THYMELEAF]     * XHTML
[THYMELEAF]     * VALIDXHTML
[THYMELEAF]     * XML
[THYMELEAF]     * HTML5
[THYMELEAF] * Template resolvers (in order):
[THYMELEAF]     * org.thymeleaf.spring4.templateresolver.SpringResourceTemplateResolver
[THYMELEAF] * Message resolvers (in order):
[THYMELEAF]     * org.thymeleaf.spring4.messageresolver.SpringMessageResolver
[THYMELEAF] * Dialect [1 of 2]: org.thymeleaf.spring4.dialect.SpringStandardDialect
[THYMELEAF]     * Prefix: "th"
[THYMELEAF] * Dialect [2 of 2]: nz.net.ultraq.thymeleaf.LayoutDialect
[THYMELEAF]     * Prefix: "layout"
[THYMELEAF] TEMPLATE ENGINE CONFIGURED OK
2017-07-06 11:28:49,345 INFO o.t.TemplateEngine [http-nio-8888-exec-1] [THYMELEAF] TEMPLATE ENGINE INITIALIZED
2017-07-06 12:56:53,788 INFO o.s.b.a.SpringApplicationAdminMXBeanRegistrar$SpringApplicationAdmin [RMI TCP Connection(2)-192.168.0.124] Application shutdown requested.
2017-07-06 12:56:53,793 INFO o.s.c.s.AbstractApplicationContext [RMI TCP Connection(2)-192.168.0.124] Closing org.springframework.boot.context.embedded.AnnotationConfigEmbeddedWebApplicationContext@39d2a9bd: startup date [Thu Jul 06 11:28:42 CST 2017]; root of context hierarchy
2017-07-06 12:56:53,820 INFO o.s.j.e.MBeanExporter [RMI TCP Connection(2)-192.168.0.124] Unregistering JMX-exposed beans on shutdown
2017-07-06 12:57:00,787 INFO o.s.b.StartupInfoLogger [restartedMain] Starting WebApplication on LAPTOP-57MU4AJC with PID 10384 (I:\jun\workspace\demo-parent\webapp\target\classes started by admin in I:\jun\workspace\demo-parent\webapp)
2017-07-06 12:57:00,791 INFO o.s.b.SpringApplication [restartedMain] The following profiles are active: local
2017-07-06 12:57:01,171 INFO o.s.c.s.AbstractApplicationContext [restartedMain] Refreshing org.springframework.boot.context.embedded.AnnotationConfigEmbeddedWebApplicationContext@59bc479: startup date [Thu Jul 06 12:57:01 CST 2017]; root of context hierarchy
2017-07-06 12:57:01,183 INFO o.h.v.i.u.Version [background-preinit] HV000001: Hibernate Validator 5.3.5.Final
2017-07-06 12:57:02,889 INFO o.s.b.c.e.t.TomcatEmbeddedServletContainer [restartedMain] Tomcat initialized with port(s): 8888 (http)
2017-07-06 12:57:02,903 INFO o.a.j.l.DirectJDKLog [restartedMain] Starting service [Tomcat]
2017-07-06 12:57:02,904 INFO o.a.j.l.DirectJDKLog [restartedMain] Starting Servlet Engine: Apache Tomcat/8.5.15
2017-07-06 12:57:03,033 INFO o.a.j.l.DirectJDKLog [localhost-startStop-1] Initializing Spring embedded WebApplicationContext
2017-07-06 12:57:03,033 INFO o.s.b.c.e.EmbeddedWebApplicationContext [localhost-startStop-1] Root WebApplicationContext: initialization completed in 1865 ms
2017-07-06 12:57:03,264 INFO o.s.b.w.s.ServletRegistrationBean [localhost-startStop-1] Mapping servlet: 'dispatcherServlet' to [/]
2017-07-06 12:57:03,270 INFO o.s.b.w.s.AbstractFilterRegistrationBean [localhost-startStop-1] Mapping filter: 'characterEncodingFilter' to: [/*]
2017-07-06 12:57:03,271 INFO o.s.b.w.s.AbstractFilterRegistrationBean [localhost-startStop-1] Mapping filter: 'hiddenHttpMethodFilter' to: [/*]
2017-07-06 12:57:03,271 INFO o.s.b.w.s.AbstractFilterRegistrationBean [localhost-startStop-1] Mapping filter: 'httpPutFormContentFilter' to: [/*]
2017-07-06 12:57:03,271 INFO o.s.b.w.s.AbstractFilterRegistrationBean [localhost-startStop-1] Mapping filter: 'requestContextFilter' to: [/*]
2017-07-06 12:57:03,717 INFO o.s.w.s.m.m.a.RequestMappingHandlerAdapter [restartedMain] Looking for @ControllerAdvice: org.springframework.boot.context.embedded.AnnotationConfigEmbeddedWebApplicationContext@59bc479: startup date [Thu Jul 06 12:57:01 CST 2017]; root of context hierarchy
2017-07-06 12:57:03,829 INFO o.s.w.s.h.AbstractHandlerMethodMapping$MappingRegistry [restartedMain] Mapped "{[/index]}" onto public org.springframework.web.servlet.ModelAndView com.webapp.controller.LoginController.index()
2017-07-06 12:57:03,833 INFO o.s.w.s.h.AbstractHandlerMethodMapping$MappingRegistry [restartedMain] Mapped "{[/error]}" onto public org.springframework.http.ResponseEntity<java.util.Map<java.lang.String, java.lang.Object>> org.springframework.boot.autoconfigure.web.BasicErrorController.error(javax.servlet.http.HttpServletRequest)
2017-07-06 12:57:03,833 INFO o.s.w.s.h.AbstractHandlerMethodMapping$MappingRegistry [restartedMain] Mapped "{[/error],produces=[text/html]}" onto public org.springframework.web.servlet.ModelAndView org.springframework.boot.autoconfigure.web.BasicErrorController.errorHtml(javax.servlet.http.HttpServletRequest,javax.servlet.http.HttpServletResponse)
2017-07-06 12:57:03,894 INFO o.s.w.s.h.AbstractUrlHandlerMapping [restartedMain] Mapped URL path [/webjars/**] onto handler of type [class org.springframework.web.servlet.resource.ResourceHttpRequestHandler]
2017-07-06 12:57:03,894 INFO o.s.w.s.h.AbstractUrlHandlerMapping [restartedMain] Mapped URL path [/**] onto handler of type [class org.springframework.web.servlet.resource.ResourceHttpRequestHandler]
2017-07-06 12:57:03,946 INFO o.s.w.s.h.AbstractUrlHandlerMapping [restartedMain] Mapped URL path [/**/favicon.ico] onto handler of type [class org.springframework.web.servlet.resource.ResourceHttpRequestHandler]
2017-07-06 12:57:04,690 INFO o.s.b.d.a.OptionalLiveReloadServer [restartedMain] LiveReload server is running on port 35729
2017-07-06 12:57:04,904 INFO o.s.j.e.MBeanExporter [restartedMain] Registering beans for JMX exposure on startup
2017-07-06 12:57:04,926 INFO o.a.j.l.DirectJDKLog [restartedMain] Initializing ProtocolHandler ["http-nio-8888"]
2017-07-06 12:57:04,943 INFO o.a.j.l.DirectJDKLog [restartedMain] Starting ProtocolHandler ["http-nio-8888"]
2017-07-06 12:57:04,956 INFO o.a.j.l.DirectJDKLog [restartedMain] Using a shared selector for servlet write/read
2017-07-06 12:57:05,053 INFO o.s.b.c.e.t.TomcatEmbeddedServletContainer [restartedMain] Tomcat started on port(s): 8888 (http)
2017-07-06 12:57:05,064 INFO o.s.b.StartupInfoLogger [restartedMain] Started WebApplication in 4.678 seconds (JVM running for 6.156)
2017-07-06 12:57:34,131 INFO o.a.j.l.DirectJDKLog [http-nio-8888-exec-1] Initializing Spring FrameworkServlet 'dispatcherServlet'
2017-07-06 12:57:34,131 INFO o.s.w.s.FrameworkServlet [http-nio-8888-exec-1] FrameworkServlet 'dispatcherServlet': initialization started
2017-07-06 12:57:34,171 INFO o.s.w.s.FrameworkServlet [http-nio-8888-exec-1] FrameworkServlet 'dispatcherServlet': initialization completed in 40 ms
2017-07-06 12:57:34,239 INFO o.t.TemplateEngine [http-nio-8888-exec-1] [THYMELEAF] INITIALIZING TEMPLATE ENGINE
2017-07-06 12:57:34,356 INFO o.t.t.AbstractTemplateResolver [http-nio-8888-exec-1] [THYMELEAF] INITIALIZING TEMPLATE RESOLVER: org.thymeleaf.spring4.templateresolver.SpringResourceTemplateResolver
2017-07-06 12:57:34,356 INFO o.t.t.AbstractTemplateResolver [http-nio-8888-exec-1] [THYMELEAF] TEMPLATE RESOLVER INITIALIZED OK
2017-07-06 12:57:34,356 INFO o.t.m.AbstractMessageResolver [http-nio-8888-exec-1] [THYMELEAF] INITIALIZING MESSAGE RESOLVER: org.thymeleaf.spring4.messageresolver.SpringMessageResolver
2017-07-06 12:57:34,357 INFO o.t.m.AbstractMessageResolver [http-nio-8888-exec-1] [THYMELEAF] MESSAGE RESOLVER INITIALIZED OK
2017-07-06 12:57:34,363 INFO o.t.ConfigurationPrinterHelper [http-nio-8888-exec-1] [THYMELEAF] TEMPLATE ENGINE CONFIGURATION:
[THYMELEAF] * Cache Factory implementation: org.thymeleaf.cache.StandardCacheManager
[THYMELEAF] * Template modes:
[THYMELEAF]     * XML
[THYMELEAF]     * HTML5
[THYMELEAF]     * LEGACYHTML5
[THYMELEAF]     * VALIDXML
[THYMELEAF]     * VALIDXHTML
[THYMELEAF]     * XHTML
[THYMELEAF] * Template resolvers (in order):
[THYMELEAF]     * org.thymeleaf.spring4.templateresolver.SpringResourceTemplateResolver
[THYMELEAF] * Message resolvers (in order):
[THYMELEAF]     * org.thymeleaf.spring4.messageresolver.SpringMessageResolver
[THYMELEAF] * Dialect [1 of 2]: org.thymeleaf.spring4.dialect.SpringStandardDialect
[THYMELEAF]     * Prefix: "th"
[THYMELEAF] * Dialect [2 of 2]: nz.net.ultraq.thymeleaf.LayoutDialect
[THYMELEAF]     * Prefix: "layout"
[THYMELEAF] TEMPLATE ENGINE CONFIGURED OK
2017-07-06 12:57:34,364 INFO o.t.TemplateEngine [http-nio-8888-exec-1] [THYMELEAF] TEMPLATE ENGINE INITIALIZED
2017-07-06 14:39:37,247 INFO o.s.b.a.SpringApplicationAdminMXBeanRegistrar$SpringApplicationAdmin [RMI TCP Connection(2)-192.168.0.124] Application shutdown requested.
2017-07-06 14:39:37,250 INFO o.s.c.s.AbstractApplicationContext [RMI TCP Connection(2)-192.168.0.124] Closing org.springframework.boot.context.embedded.AnnotationConfigEmbeddedWebApplicationContext@59bc479: startup date [Thu Jul 06 12:57:01 CST 2017]; root of context hierarchy
2017-07-06 14:39:37,257 INFO o.s.j.e.MBeanExporter [RMI TCP Connection(2)-192.168.0.124] Unregistering JMX-exposed beans on shutdown
2017-07-06 16:27:59,564 INFO o.s.b.StartupInfoLogger [restartedMain] Starting WebApplication on LAPTOP-57MU4AJC with PID 9792 (I:\jun\workspace\demo-parent\webapp\target\classes started by admin in I:\jun\workspace\demo-parent\webapp)
2017-07-06 16:27:59,632 INFO o.s.b.SpringApplication [restartedMain] The following profiles are active: local
2017-07-06 16:28:00,718 INFO o.s.c.s.AbstractApplicationContext [restartedMain] Refreshing org.springframework.boot.context.embedded.AnnotationConfigEmbeddedWebApplicationContext@ca61014: startup date [Thu Jul 06 16:28:00 CST 2017]; root of context hierarchy
2017-07-06 16:28:00,772 INFO o.h.v.i.u.Version [background-preinit] HV000001: Hibernate Validator 5.3.5.Final
2017-07-06 16:28:03,207 INFO o.s.b.c.e.t.TomcatEmbeddedServletContainer [restartedMain] Tomcat initialized with port(s): 8888 (http)
2017-07-06 16:28:03,243 INFO o.a.j.l.DirectJDKLog [restartedMain] Starting service [Tomcat]
2017-07-06 16:28:03,245 INFO o.a.j.l.DirectJDKLog [restartedMain] Starting Servlet Engine: Apache Tomcat/8.5.15
2017-07-06 16:28:03,405 INFO o.a.j.l.DirectJDKLog [localhost-startStop-1] Initializing Spring embedded WebApplicationContext
2017-07-06 16:28:03,406 INFO o.s.b.c.e.EmbeddedWebApplicationContext [localhost-startStop-1] Root WebApplicationContext: initialization completed in 2695 ms
2017-07-06 16:28:03,634 INFO o.s.b.w.s.ServletRegistrationBean [localhost-startStop-1] Mapping servlet: 'dispatcherServlet' to [/]
2017-07-06 16:28:03,638 INFO o.s.b.w.s.AbstractFilterRegistrationBean [localhost-startStop-1] Mapping filter: 'characterEncodingFilter' to: [/*]
2017-07-06 16:28:03,638 INFO o.s.b.w.s.AbstractFilterRegistrationBean [localhost-startStop-1] Mapping filter: 'hiddenHttpMethodFilter' to: [/*]
2017-07-06 16:28:03,638 INFO o.s.b.w.s.AbstractFilterRegistrationBean [localhost-startStop-1] Mapping filter: 'httpPutFormContentFilter' to: [/*]
2017-07-06 16:28:03,639 INFO o.s.b.w.s.AbstractFilterRegistrationBean [localhost-startStop-1] Mapping filter: 'requestContextFilter' to: [/*]
2017-07-06 16:28:04,096 INFO o.s.w.s.m.m.a.RequestMappingHandlerAdapter [restartedMain] Looking for @ControllerAdvice: org.springframework.boot.context.embedded.AnnotationConfigEmbeddedWebApplicationContext@ca61014: startup date [Thu Jul 06 16:28:00 CST 2017]; root of context hierarchy
2017-07-06 16:28:04,186 INFO o.s.w.s.h.AbstractHandlerMethodMapping$MappingRegistry [restartedMain] Mapped "{[/index]}" onto public org.springframework.web.servlet.ModelAndView com.webapp.controller.LoginController.index()
2017-07-06 16:28:04,193 INFO o.s.w.s.h.AbstractHandlerMethodMapping$MappingRegistry [restartedMain] Mapped "{[/error]}" onto public org.springframework.http.ResponseEntity<java.util.Map<java.lang.String, java.lang.Object>> org.springframework.boot.autoconfigure.web.BasicErrorController.error(javax.servlet.http.HttpServletRequest)
2017-07-06 16:28:04,195 INFO o.s.w.s.h.AbstractHandlerMethodMapping$MappingRegistry [restartedMain] Mapped "{[/error],produces=[text/html]}" onto public org.springframework.web.servlet.ModelAndView org.springframework.boot.autoconfigure.web.BasicErrorController.errorHtml(javax.servlet.http.HttpServletRequest,javax.servlet.http.HttpServletResponse)
2017-07-06 16:28:04,231 INFO o.s.w.s.h.AbstractUrlHandlerMapping [restartedMain] Mapped URL path [/webjars/**] onto handler of type [class org.springframework.web.servlet.resource.ResourceHttpRequestHandler]
2017-07-06 16:28:04,231 INFO o.s.w.s.h.AbstractUrlHandlerMapping [restartedMain] Mapped URL path [/**] onto handler of type [class org.springframework.web.servlet.resource.ResourceHttpRequestHandler]
2017-07-06 16:28:04,277 INFO o.s.w.s.h.AbstractUrlHandlerMapping [restartedMain] Mapped URL path [/**/favicon.ico] onto handler of type [class org.springframework.web.servlet.resource.ResourceHttpRequestHandler]
2017-07-06 16:28:05,132 INFO o.s.b.d.a.OptionalLiveReloadServer [restartedMain] LiveReload server is running on port 35729
2017-07-06 16:28:05,191 INFO o.s.j.e.MBeanExporter [restartedMain] Registering beans for JMX exposure on startup
2017-07-06 16:28:05,218 INFO o.a.j.l.DirectJDKLog [restartedMain] Initializing ProtocolHandler ["http-nio-8888"]
2017-07-06 16:28:05,244 INFO o.a.j.l.DirectJDKLog [restartedMain] Starting ProtocolHandler ["http-nio-8888"]
2017-07-06 16:28:05,258 INFO o.a.j.l.DirectJDKLog [restartedMain] Using a shared selector for servlet write/read
2017-07-06 16:28:05,286 INFO o.s.b.c.e.t.TomcatEmbeddedServletContainer [restartedMain] Tomcat started on port(s): 8888 (http)
2017-07-06 16:28:05,305 INFO o.s.b.StartupInfoLogger [restartedMain] Started WebApplication in 6.618 seconds (JVM running for 8.591)
2017-07-06 16:28:35,665 INFO o.a.j.l.DirectJDKLog [http-nio-8888-exec-1] Initializing Spring FrameworkServlet 'dispatcherServlet'
2017-07-06 16:28:35,665 INFO o.s.w.s.FrameworkServlet [http-nio-8888-exec-1] FrameworkServlet 'dispatcherServlet': initialization started
2017-07-06 16:28:35,706 INFO o.s.w.s.FrameworkServlet [http-nio-8888-exec-1] FrameworkServlet 'dispatcherServlet': initialization completed in 40 ms
2017-07-06 16:28:35,782 INFO o.t.TemplateEngine [http-nio-8888-exec-1] [THYMELEAF] INITIALIZING TEMPLATE ENGINE
2017-07-06 16:28:35,941 INFO o.t.t.AbstractTemplateResolver [http-nio-8888-exec-1] [THYMELEAF] INITIALIZING TEMPLATE RESOLVER: org.thymeleaf.spring4.templateresolver.SpringResourceTemplateResolver
2017-07-06 16:28:35,941 INFO o.t.t.AbstractTemplateResolver [http-nio-8888-exec-1] [THYMELEAF] TEMPLATE RESOLVER INITIALIZED OK
2017-07-06 16:28:35,942 INFO o.t.m.AbstractMessageResolver [http-nio-8888-exec-1] [THYMELEAF] INITIALIZING MESSAGE RESOLVER: org.thymeleaf.spring4.messageresolver.SpringMessageResolver
2017-07-06 16:28:35,942 INFO o.t.m.AbstractMessageResolver [http-nio-8888-exec-1] [THYMELEAF] MESSAGE RESOLVER INITIALIZED OK
2017-07-06 16:28:35,948 INFO o.t.ConfigurationPrinterHelper [http-nio-8888-exec-1] [THYMELEAF] TEMPLATE ENGINE CONFIGURATION:
[THYMELEAF] * Cache Factory implementation: org.thymeleaf.cache.StandardCacheManager
[THYMELEAF] * Template modes:
[THYMELEAF]     * XML
[THYMELEAF]     * XHTML
[THYMELEAF]     * HTML5
[THYMELEAF]     * VALIDXML
[THYMELEAF]     * LEGACYHTML5
[THYMELEAF]     * VALIDXHTML
[THYMELEAF] * Template resolvers (in order):
[THYMELEAF]     * org.thymeleaf.spring4.templateresolver.SpringResourceTemplateResolver
[THYMELEAF] * Message resolvers (in order):
[THYMELEAF]     * org.thymeleaf.spring4.messageresolver.SpringMessageResolver
[THYMELEAF] * Dialect [1 of 2]: org.thymeleaf.spring4.dialect.SpringStandardDialect
[THYMELEAF]     * Prefix: "th"
[THYMELEAF] * Dialect [2 of 2]: nz.net.ultraq.thymeleaf.LayoutDialect
[THYMELEAF]     * Prefix: "layout"
[THYMELEAF] TEMPLATE ENGINE CONFIGURED OK
2017-07-06 16:28:35,949 INFO o.t.TemplateEngine [http-nio-8888-exec-1] [THYMELEAF] TEMPLATE ENGINE INITIALIZED
