2017-07-05 11:13:51,099 INFO o.s.b.StartupInfoLogger [main] Starting BackcodeApplication on LAPTOP-57MU4AJC with PID 11460 (I:\jun\workspace\demo-parent\backcode\target\classes started by admin in I:\jun\workspace\demo-parent\backcode)
2017-07-05 11:13:51,103 INFO o.s.b.SpringApplication [main] The following profiles are active: local
2017-07-05 11:13:51,374 INFO o.s.c.s.AbstractApplicationContext [main] Refreshing org.springframework.boot.context.embedded.AnnotationConfigEmbeddedWebApplicationContext@f0da945: startup date [Wed Jul 05 11:13:51 CST 2017]; root of context hierarchy
2017-07-05 11:13:51,495 INFO o.h.v.i.u.Version [background-preinit] HV000001: Hibernate Validator 5.3.5.Final
2017-07-05 11:13:52,847 INFO o.s.b.c.e.t.TomcatEmbeddedServletContainer [main] Tomcat initialized with port(s): 8088 (http)
2017-07-05 11:13:52,865 INFO o.a.j.l.DirectJDKLog [main] Starting service [Tomcat]
2017-07-05 11:13:52,867 INFO o.a.j.l.DirectJDKLog [main] Starting Servlet Engine: Apache Tomcat/8.5.15
2017-07-05 11:13:52,977 INFO o.a.j.l.DirectJDKLog [localhost-startStop-1] Initializing Spring embedded WebApplicationContext
2017-07-05 11:13:52,977 INFO o.s.b.c.e.EmbeddedWebApplicationContext [localhost-startStop-1] Root WebApplicationContext: initialization completed in 1614 ms
2017-07-05 11:13:53,204 INFO o.s.b.w.s.ServletRegistrationBean [localhost-startStop-1] Mapping servlet: 'dispatcherServlet' to [/]
2017-07-05 11:13:53,209 INFO o.s.b.w.s.AbstractFilterRegistrationBean [localhost-startStop-1] Mapping filter: 'characterEncodingFilter' to: [/*]
2017-07-05 11:13:53,210 INFO o.s.b.w.s.AbstractFilterRegistrationBean [localhost-startStop-1] Mapping filter: 'hiddenHttpMethodFilter' to: [/*]
2017-07-05 11:13:53,210 INFO o.s.b.w.s.AbstractFilterRegistrationBean [localhost-startStop-1] Mapping filter: 'httpPutFormContentFilter' to: [/*]
2017-07-05 11:13:53,210 INFO o.s.b.w.s.AbstractFilterRegistrationBean [localhost-startStop-1] Mapping filter: 'requestContextFilter' to: [/*]
2017-07-05 11:13:53,572 INFO o.s.w.s.m.m.a.RequestMappingHandlerAdapter [main] Looking for @ControllerAdvice: org.springframework.boot.context.embedded.AnnotationConfigEmbeddedWebApplicationContext@f0da945: startup date [Wed Jul 05 11:13:51 CST 2017]; root of context hierarchy
2017-07-05 11:13:53,639 INFO o.s.w.s.h.AbstractHandlerMethodMapping$MappingRegistry [main] Mapped "{[/index/get],methods=[GET]}" onto public java.util.Map<java.lang.String, java.lang.Object> com.backcode.controller.IndexController.get(java.lang.String)
2017-07-05 11:13:53,641 INFO o.s.w.s.h.AbstractHandlerMethodMapping$MappingRegistry [main] Mapped "{[/index/find/{name}],methods=[GET]}" onto public com.backcode.model.User com.backcode.controller.IndexController.find(java.lang.String)
2017-07-05 11:13:53,644 INFO o.s.w.s.h.AbstractHandlerMethodMapping$MappingRegistry [main] Mapped "{[/index/hello],methods=[GET]}" onto public java.lang.String com.backcode.controller.IndexController.hello()
2017-07-05 11:13:53,648 INFO o.s.w.s.h.AbstractHandlerMethodMapping$MappingRegistry [main] Mapped "{[/error]}" onto public org.springframework.http.ResponseEntity<java.util.Map<java.lang.String, java.lang.Object>> org.springframework.boot.autoconfigure.web.BasicErrorController.error(javax.servlet.http.HttpServletRequest)
2017-07-05 11:13:53,649 INFO o.s.w.s.h.AbstractHandlerMethodMapping$MappingRegistry [main] Mapped "{[/error],produces=[text/html]}" onto public org.springframework.web.servlet.ModelAndView org.springframework.boot.autoconfigure.web.BasicErrorController.errorHtml(javax.servlet.http.HttpServletRequest,javax.servlet.http.HttpServletResponse)
2017-07-05 11:13:53,671 INFO o.s.w.s.h.AbstractUrlHandlerMapping [main] Mapped URL path [/webjars/**] onto handler of type [class org.springframework.web.servlet.resource.ResourceHttpRequestHandler]
2017-07-05 11:13:53,672 INFO o.s.w.s.h.AbstractUrlHandlerMapping [main] Mapped URL path [/**] onto handler of type [class org.springframework.web.servlet.resource.ResourceHttpRequestHandler]
2017-07-05 11:13:53,714 INFO o.s.w.s.h.AbstractUrlHandlerMapping [main] Mapped URL path [/**/favicon.ico] onto handler of type [class org.springframework.web.servlet.resource.ResourceHttpRequestHandler]
2017-07-05 11:13:53,759 WARN o.s.b.a.t.AbstractTemplateResolverConfiguration [main] Cannot find template location: classpath:/templates/ (please add some templates or check your Thymeleaf configuration)
2017-07-05 11:13:54,321 INFO o.s.j.e.MBeanExporter [main] Registering beans for JMX exposure on startup
2017-07-05 11:13:54,338 INFO o.a.j.l.DirectJDKLog [main] Initializing ProtocolHandler ["http-nio-8088"]
2017-07-05 11:13:54,355 INFO o.a.j.l.DirectJDKLog [main] Starting ProtocolHandler ["http-nio-8088"]
2017-07-05 11:13:54,369 INFO o.a.j.l.DirectJDKLog [main] Using a shared selector for servlet write/read
2017-07-05 11:13:54,401 INFO o.s.b.c.e.t.TomcatEmbeddedServletContainer [main] Tomcat started on port(s): 8088 (http)
2017-07-05 11:13:54,405 INFO o.s.b.StartupInfoLogger [main] Started BackcodeApplication in 3.639 seconds (JVM running for 4.662)
2017-07-05 11:14:30,831 INFO o.a.j.l.DirectJDKLog [http-nio-8088-exec-1] Initializing Spring FrameworkServlet 'dispatcherServlet'
2017-07-05 11:14:30,831 INFO o.s.w.s.FrameworkServlet [http-nio-8088-exec-1] FrameworkServlet 'dispatcherServlet': initialization started
2017-07-05 11:14:30,859 INFO o.s.w.s.FrameworkServlet [http-nio-8088-exec-1] FrameworkServlet 'dispatcherServlet': initialization completed in 28 ms
2017-07-05 14:57:49,177 INFO o.s.b.a.SpringApplicationAdminMXBeanRegistrar$SpringApplicationAdmin [RMI TCP Connection(2)-192.168.0.124] Application shutdown requested.
2017-07-05 14:57:49,182 INFO o.s.c.s.AbstractApplicationContext [RMI TCP Connection(2)-192.168.0.124] Closing org.springframework.boot.context.embedded.AnnotationConfigEmbeddedWebApplicationContext@f0da945: startup date [Wed Jul 05 11:13:51 CST 2017]; root of context hierarchy
2017-07-05 14:57:49,206 INFO o.s.j.e.MBeanExporter [RMI TCP Connection(2)-192.168.0.124] Unregistering JMX-exposed beans on shutdown
